

<!DOCTYPE html>
<html>
<head>
<meta charset="UTF-8">
<meta name="viewport" content="width=device-width, initial-scale=1, shrink-to-fit=no">
<title>Kishor_Automation_Report</title>
<link rel="apple-touch-icon" href="https://cdn.jsdelivr.net/gh/extent-framework/extent-github-cdn@b00a2d0486596e73dd7326beacf352c639623a0e/commons/img/logo.png">
<link rel="shortcut icon" href="https://cdn.jsdelivr.net/gh/extent-framework/extent-github-cdn@b00a2d0486596e73dd7326beacf352c639623a0e/commons/img/logo.png">
<link href="https://cdn.jsdelivr.net/gh/extent-framework/extent-github-cdn@d6562a79075e061305ccfdb82f01e5e195e2d307/spark/css/spark-style.css" rel="stylesheet" />
<link href="https://stackpath.bootstrapcdn.com/font-awesome/4.7.0/css/font-awesome.min.css" rel="stylesheet">
<script src="https://cdn.rawgit.com/extent-framework/extent-github-cdn/7cc78ce/spark/js/jsontree.js"></script>
<style type="text/css"></style></head><body class="spa bdd-report standard">
  <div class="app">
    <div class="layout">
<div class="header navbar">
<div class="vheader">
<div class="nav-logo">
<a href="#">
<div class="logo" style="background-image: url('https://cdn.jsdelivr.net/gh/extent-framework/extent-github-cdn@b00a2d0486596e73dd7326beacf352c639623a0e/commons/img/logo.png')"></div>
</a>
</div>
<ul class="nav-left">
<li class="search-box">
<a class="search-toggle" href="#">
<i class="search-icon fa fa-search"></i>
<i class="search-icon-close fa fa-close"></i>
</a>
</li>
<li class="search-input"><input id="search-tests" class="form-control" type="text" placeholder="Search..."></li>
</ul>
<ul class="nav-right">
<li class="m-r-10">
<a href="#"><span class="badge badge-primary">Kishor_Automation_Report</span></a>
</li>
<li class="m-r-10">
<a href="#"><span class="badge badge-primary">Sep 18, 2023 07:13:28 PM</span></a>
</li>
</ul>
</div>
</div><div class="side-nav">
<div class="side-nav-inner">
<ul class="side-nav-menu">
<li class="nav-item dropdown" onclick="toggleView('dashboard-view')">
<a id="nav-dashboard" class="dropdown-toggle" href="#">
<span class="ico"><i class="fa fa-bar-chart"></i></span>
</a>
</li>
<li class="nav-item dropdown" onclick="toggleView('test-view')">
<a id="nav-test" class="dropdown-toggle" href="#">
<span class="ico"><i class="fa fa-list"></i></span>
</a>
</li>
<li class="nav-item dropdown" onclick="toggleView('category-view')">
<a id="nav-category" class="dropdown-toggle" href="#">
<span class="ico"><i class="fa fa-tag"></i></span>
</a>
</li>
<li class="nav-item dropdown" onclick="toggleView('exception-view')">
<a id="nav-exception" class="dropdown-toggle" href="#">
<span class="ico"><i class="fa fa-bug"></i></span>
</a>
</li>
</ul>
</div>
</div>      <div class="vcontainer">
        <div class="main-content">
<div class="container-fluid p-4 view dashboard-view">
<div class="row">
<div class="col-md-3">
<div class="card"><div class="card-body">
<p class="m-b-0">Started</p>
<h3>Sep 18, 2023 07:13:28 PM</h3>
</div></div>
</div>
<div class="col-md-3">
<div class="card"><div class="card-body">
<p class="m-b-0">Ended</p>
<h3>Sep 18, 2023 07:15:17 PM</h3>
</div></div>
</div>
<div class="col-md-3">
<div class="card"><div class="card-body">
<p class="m-b-0 text-pass">Features Passed</p>
<h3>0</h3>
</div></div>
</div>
<div class="col-md-3">
<div class="card"><div class="card-body">
<p class="m-b-0 text-fail">Features Failed</p>
<h3>1</h3>
</div></div>
</div>
</div>
<div class="row">
<div class="col-md-4">
<div class="card">
<div class="card-header">
<h6 class="card-title">Features</h6>
</div>
<div class="card-body">
<div class="">
<canvas id='parent-analysis' width='115' height='90'></canvas>
</div>
</div>
<div class="card-footer">
<div><small data-tooltip='0%'>
<b>0</b> features passed
</small>
</div>
<div>
<small data-tooltip='100%'><b>1</b> features failed,
<b>0</b> skipped, <b data-tooltip='0%'>0</b> others
</small>
</div>
</div>
</div>
</div>
<div class="col-md-4">
<div class="card">
<div class="card-header">
<h6 class="card-title">Scenarios</h6>
</div>
<div class="card-body">
<div class="">
<canvas id='child-analysis' width='115' height='90'></canvas>
</div>
</div>
<div class="card-footer">
<div><small data-tooltip='50%'><b>1</b> scenarios passed</small></div>
<div>
<small data-tooltip='50%'><b>1</b> scenarios failed,
<b>0</b> skipped, <b data-tooltip='%'>0</b> others
</small>
</div>
</div>
</div>
</div>
<div class="col-md-4">
<div class="card">
<div class="card-header">
<h6 class="card-title">Steps</h6>
</div>
<div class="card-body">
<div class="">
<canvas id='grandchild-analysis' width='115' height='90'></canvas>
</div>
</div>
<div class="card-footer">
<div><small data-tooltip='46%'><b>13</b> steps passed</small></div>
<div>
<small data-tooltip='7%'><b>2</b> steps failed,
<b>13</b> skipped, <b data-tooltip='%'>0</b> others
</small>
</div>
</div>
</div>
</div>
</div>
<div class="row"><div class="col-md-12">
<div class="card"><div class="card-header"><p>Timeline</p></div>
<div class="card-body pt-0"><div>
<canvas id="timeline" height="120"></canvas>
</div></div>
</div>
</div></div>
<script>
var timeline = {
"Validate super admin all user action options change password functionality":105.049
};
</script>
<div class="row">
<div class="col-lg-6 col-md-12 category-container">
<div class="card">
<div class="card-header"><p>Tags</p></div>
<div class="card-body pb-0 pt-0"><table class="table table-sm table-bordered">
<thead><tr class="bg-gray"><th>Name</th><th>Passed</th><th>Failed</th><th>Skipped</th><th>Others</th><th>Passed %</th></tr></thead><tbody>
<tr>
<td>@Smoke</td>
<td>1</td>
<td>1</td>
<td>0</td>
<td>0</td>
<td>50%</td>
</tr>
<tr>
<td>@Super_admin_all_users_option_change_password_page</td>
<td>1</td>
<td>1</td>
<td>0</td>
<td>0</td>
<td>50%</td>
</tr>
</tbody>
</table></div>
</div>
</div>
<div class="col-lg-6 col-md-12 sysenv-container">
<div class="card">
<div class="card-header"><p>System/Environment</p></div>
<div class="card-body pb-0 pt-0"><table class="table table-sm table-bordered">
<thead><tr class="bg-gray"><th>Name</th><th>Value</th></tr></thead>
<tbody>
<tr>
<td>AppName</td>
<td>Shield</td>
</tr>
<tr>
<td>user</td>
<td>QA_Automation_Tester</td>
</tr>
<tr>
<td>build</td>
<td>Shield_1</td>
</tr>
<tr>
<td>os</td>
<td>Windows</td>
</tr>
</tbody>
</table></div>
</div>
</div>
</div>
</div>
<script>
var statusGroup = {
parentCount: 5,
passParent: 0,
failParent: 1,
warningParent: 0,
skipParent: 0,
childCount: 5,
passChild: 1,
failChild: 1,
warningChild: 0,
skipChild: 0,
infoChild: 0,
grandChildCount: 5,
passGrandChild: 13,
failGrandChild: 2,
warningGrandChild: 0,
skipGrandChild: 13,
infoGrandChild: 0,
eventsCount: 5,
};
</script><div class="test-wrapper row view test-view">
  <div class="test-list">
    <div class="test-list-tools">
<ul class="tools pull-left">
<li><a href="#"><span class="font-size-14">Tests</span></a></li>
</ul>
<ul class="tools text-right">
<li class="dropdown">
<a href="#" class="dropdown-toggle" data-toggle="dropdown"><i class="fa fa-exclamation-circle"></i></a>
<ul id="status-toggle" class="dropdown-menu dropdown-md p-v-0">
<a class="dropdown-item" status="fail" href="#"><span>Fail</span><span class="status danger"></span></a>
<div class="dropdown-divider"></div>
<a status="clear" class="dropdown-item" href="#"><span>Clear</span><span class="pull-right"><i class="fa fa-close"></i></span></a>
</ul>
</li>
<li class="dropdown">
<a href="#" class="dropdown-toggle" data-toggle="dropdown"><i class="fa fa-tag"></i></a>
<ul id="tag-toggle" class="dropdown-menu dropdown-md p-v-0">
<a class="dropdown-item" href="#">@Smoke</a><a class="dropdown-item" href="#">@Super_admin_all_users_option_change_password_page</a>
</ul>
</li>
</ul>
</div>    <div class="test-list-wrapper scrollable">
      <ul class="test-list-item">
        <li class="test-item"  status="fail" test-id="1"
          author=""
          tag=""
          device="">
          <div class="test-detail">
            <p class="name">Validate super admin all user action options change password functionality</p>
            <p class="text-sm">
              <span>7:13:31 PM</span> / <span>00:01:45:049</span>
              <span class="badge fail-bg log float-right">Fail</span>
            </p>
          </div>
          <div class="test-contents d-none">
<div class="detail-head">
<div class="p-v-10">
<div class="info">
<h5 class="test-status text-fail">Validate super admin all user action options change password functionality</h5>
<span class='badge badge-success'>09.18.2023 7:13:31 PM</span>
<span class='badge badge-danger'>09.18.2023 7:15:16 PM</span>
<span class='badge badge-default'>00:01:45:049</span>
&middot; <span class='uri-anchor badge badge-default'>#test-id=1</span>
<span class='badge badge-default pointer float-right ml-1 et'><i class="fa fa-chevron-down"></i></span>
<span class='badge badge-default pointer float-right ct'><i class="fa fa-chevron-up"></i></span>
</div>
<div class="m-t-10 m-l-5"></div>
</div>
</div>
<div class="accordion mt-4">
  <div class="card">
    <div class="card-header" role="tab">
      <div class="card-title">
        <div class="node" id="2"><span class="badge log fail-bg mr-2">Fail</span>Validate that elements are presents with Super admin all users action options change password page</div>
      </div>
    </div>
        <div class="">
          <div class="card-body">
              <div class="step fail-bg" title="stepDefinitions.super_admin.B0306_super_admin_options_change_password_page.verify_that_super_admin_user_is_on_the_users_all_users_actions_options_change_password_page_as_expected_page_title(java.lang.String)">
                <span>Given Verify that super admin user is on the users all users actions options change password page as expected page title "Shield - Change - Password"</span>
      <div>
        <textarea disabled class="code-block">org.openqa.selenium.TimeoutException: Expected condition failed: waiting for title to be "Shield - Change - Password". Current title: "Shield - Role and Permissions" (tried for 10 second(s) with 500 milliseconds interval)
	at org.openqa.selenium.support.ui.WebDriverWait.timeoutException(WebDriverWait.java:84)
	at org.openqa.selenium.support.ui.FluentWait.until(FluentWait.java:230)
	at com.qa.utility.ElementUtil.wait_for_to_be_title_is_displayed(ElementUtil.java:97)
	at stepDefinitions.super_admin.B0306_super_admin_options_change_password_page.verify_that_super_admin_user_is_on_the_users_all_users_actions_options_change_password_page_as_expected_page_title(B0306_super_admin_options_change_password_page.java:68)
	at ?.Verify that super admin user is on the users all users actions options change password page as expected page title "Shield - Change - Password"(file:///E:/Shield_UI_project/src/test/resources/features/B_Super_admin/B0306_super_admin_options_change_password_page.feature:7)
Caused by: org.openqa.selenium.NoSuchWindowException: no such window: target window already closed
from unknown error: web view not found
  (Session info: chrome=116.0.5845.190)
Build info: version: '4.11.0', revision: '040bc5406b'
System info: os.name: 'Windows 10', os.arch: 'amd64', os.version: '10.0', java.version: '11.0.18'
Driver info: org.openqa.selenium.chrome.ChromeDriver
Command: [a26251a03022737a28c3326014b307e2, getTitle {}]
Capabilities {acceptInsecureCerts: false, browserName: chrome, browserVersion: 116.0.5845.190, chrome: {chromedriverVersion: 116.0.5845.96 (1a3918166880..., userDataDir: C:\Users\Kishor\AppData\Loc...}, fedcm:accounts: true, goog:chromeOptions: {debuggerAddress: localhost:63342}, networkConnectionEnabled: false, pageLoadStrategy: normal, platformName: windows, proxy: Proxy(), se:cdp: ws://localhost:63342/devtoo..., se:cdpVersion: 116.0.5845.190, setWindowRect: true, strictFileInteractability: false, timeouts: {implicit: 0, pageLoad: 300000, script: 30000}, unhandledPromptBehavior: dismiss and notify, webauthn:extension:credBlob: true, webauthn:extension:largeBlob: true, webauthn:extension:minPinLength: true, webauthn:extension:prf: true, webauthn:virtualAuthenticators: true}
Session ID: a26251a03022737a28c3326014b307e2
	at java.base/jdk.internal.reflect.NativeConstructorAccessorImpl.newInstance0(Native Method)
	at java.base/jdk.internal.reflect.NativeConstructorAccessorImpl.newInstance(NativeConstructorAccessorImpl.java:62)
	at java.base/jdk.internal.reflect.DelegatingConstructorAccessorImpl.newInstance(DelegatingConstructorAccessorImpl.java:45)
	at java.base/java.lang.reflect.Constructor.newInstance(Constructor.java:490)
	at org.openqa.selenium.remote.codec.w3c.W3CHttpResponseCodec.createException(W3CHttpResponseCodec.java:200)
	at org.openqa.selenium.remote.codec.w3c.W3CHttpResponseCodec.decode(W3CHttpResponseCodec.java:133)
	at org.openqa.selenium.remote.codec.w3c.W3CHttpResponseCodec.decode(W3CHttpResponseCodec.java:52)
	at org.openqa.selenium.remote.HttpCommandExecutor.execute(HttpCommandExecutor.java:191)
	at org.openqa.selenium.remote.service.DriverCommandExecutor.invokeExecute(DriverCommandExecutor.java:196)
	at org.openqa.selenium.remote.service.DriverCommandExecutor.execute(DriverCommandExecutor.java:171)
	at org.openqa.selenium.remote.RemoteWebDriver.execute(RemoteWebDriver.java:518)
	at org.openqa.selenium.remote.RemoteWebDriver.execute(RemoteWebDriver.java:591)
	at org.openqa.selenium.remote.RemoteWebDriver.execute(RemoteWebDriver.java:595)
	at org.openqa.selenium.remote.RemoteWebDriver.getTitle(RemoteWebDriver.java:305)
	at org.openqa.selenium.support.ui.ExpectedConditions$1.apply(ExpectedConditions.java:55)
	at org.openqa.selenium.support.ui.ExpectedConditions$1.apply(ExpectedConditions.java:50)
	at org.openqa.selenium.support.ui.FluentWait.until(FluentWait.java:205)
	at com.qa.utility.ElementUtil.wait_for_to_be_title_is_displayed(ElementUtil.java:97)
	at stepDefinitions.super_admin.B0306_super_admin_options_change_password_page.verify_that_super_admin_user_is_on_the_users_all_users_actions_options_change_password_page_as_expected_page_title(B0306_super_admin_options_change_password_page.java:68)
	at java.base/jdk.internal.reflect.NativeMethodAccessorImpl.invoke0(Native Method)
	at java.base/jdk.internal.reflect.NativeMethodAccessorImpl.invoke(NativeMethodAccessorImpl.java:62)
	at java.base/jdk.internal.reflect.DelegatingMethodAccessorImpl.invoke(DelegatingMethodAccessorImpl.java:43)
	at java.base/java.lang.reflect.Method.invoke(Method.java:566)
	at io.cucumber.java.Invoker.doInvoke(Invoker.java:66)
	at io.cucumber.java.Invoker.invoke(Invoker.java:24)
	at io.cucumber.java.AbstractGlueDefinition.invokeMethod(AbstractGlueDefinition.java:47)
	at io.cucumber.java.JavaStepDefinition.execute(JavaStepDefinition.java:29)
	at io.cucumber.core.runner.CoreStepDefinition.execute(CoreStepDefinition.java:66)
	at io.cucumber.core.runner.PickleStepDefinitionMatch.runStep(PickleStepDefinitionMatch.java:63)
	at io.cucumber.core.runner.ExecutionMode$1.execute(ExecutionMode.java:10)
	at io.cucumber.core.runner.TestStep.executeStep(TestStep.java:86)
	at io.cucumber.core.runner.TestStep.run(TestStep.java:57)
	at io.cucumber.core.runner.PickleStepTestStep.run(PickleStepTestStep.java:51)
	at io.cucumber.core.runner.TestCase.run(TestCase.java:95)
	at io.cucumber.core.runner.Runner.runPickle(Runner.java:75)
	at io.cucumber.testng.TestNGCucumberRunner.lambda$runScenario$1(TestNGCucumberRunner.java:132)
	at io.cucumber.core.runtime.CucumberExecutionContext.lambda$runTestCase$3(CucumberExecutionContext.java:110)
	at io.cucumber.core.runtime.RethrowingThrowableCollector.executeAndThrow(RethrowingThrowableCollector.java:23)
	at io.cucumber.core.runtime.CucumberExecutionContext.runTestCase(CucumberExecutionContext.java:110)
	at io.cucumber.testng.TestNGCucumberRunner.runScenario(TestNGCucumberRunner.java:129)
	at io.cucumber.testng.AbstractTestNGCucumberTests.runScenario(AbstractTestNGCucumberTests.java:35)
	at java.base/jdk.internal.reflect.NativeMethodAccessorImpl.invoke0(Native Method)
	at java.base/jdk.internal.reflect.NativeMethodAccessorImpl.invoke(NativeMethodAccessorImpl.java:62)
	at java.base/jdk.internal.reflect.DelegatingMethodAccessorImpl.invoke(DelegatingMethodAccessorImpl.java:43)
	at java.base/java.lang.reflect.Method.invoke(Method.java:566)
	at org.testng.internal.MethodInvocationHelper.invokeMethod(MethodInvocationHelper.java:133)
	at org.testng.internal.TestInvoker.invokeMethod(TestInvoker.java:598)
	at org.testng.internal.TestInvoker.invokeTestMethod(TestInvoker.java:173)
	at org.testng.internal.MethodRunner.runInSequence(MethodRunner.java:46)
	at org.testng.internal.TestInvoker$MethodInvocationAgent.invoke(TestInvoker.java:824)
	at org.testng.internal.TestInvoker.invokeTestMethods(TestInvoker.java:146)
	at org.testng.internal.TestMethodWorker.invokeTestMethods(TestMethodWorker.java:146)
	at org.testng.internal.TestMethodWorker.run(TestMethodWorker.java:128)
	at java.base/java.util.ArrayList.forEach(ArrayList.java:1541)
	at org.testng.TestRunner.privateRun(TestRunner.java:794)
	at org.testng.TestRunner.run(TestRunner.java:596)
	at org.testng.SuiteRunner.runTest(SuiteRunner.java:377)
	at org.testng.SuiteRunner.runSequentially(SuiteRunner.java:371)
	at org.testng.SuiteRunner.privateRun(SuiteRunner.java:332)
	at org.testng.SuiteRunner.run(SuiteRunner.java:276)
	at org.testng.SuiteRunnerWorker.runSuite(SuiteRunnerWorker.java:53)
	at org.testng.SuiteRunnerWorker.run(SuiteRunnerWorker.java:96)
	at org.testng.TestNG.runSuitesSequentially(TestNG.java:1212)
	at org.testng.TestNG.runSuitesLocally(TestNG.java:1134)
	at org.testng.TestNG.runSuites(TestNG.java:1063)
	at org.testng.TestNG.run(TestNG.java:1031)
	at org.testng.remote.AbstractRemoteTestNG.run(AbstractRemoteTestNG.java:115)
	at org.testng.remote.RemoteTestNG.initAndRun(RemoteTestNG.java:251)
	at org.testng.remote.RemoteTestNG.main(RemoteTestNG.java:77)
</textarea>
      
      </div>
              </div>
              <div class="step skip-bg" title="stepDefinitions.super_admin.B0306_super_admin_options_change_password_page.verify_that_page_header_change_password_title_text_is_displayed_from_super_admin_dashboard_options_change_password_page()">
                <span>Then Verify that page header change password title text is displayed from super admin all users  options change password page</span>
      <div>Step skipped
      </div>
              </div>
              <div class="step skip-bg" title="stepDefinitions.super_admin.B0306_super_admin_options_change_password_page.verify_that_page_breadcrum_list_should_be_displayed_from_the_super_admin_dashboard_change_password_page()">
                <span>Then Verify that page breadcrum list should be displayed from the super admin all users options change password page</span>
      <div>Step skipped
      </div>
              </div>
              <div class="step skip-bg" title="stepDefinitions.super_admin.B0306_super_admin_options_change_password_page.verify_that_page_breadcrum_dashborad_button_should_be_clickable_from_the_super_admin_dashboard_change_password_page()">
                <span>Then Verify that page breadcrum dashborad button should be clickable from the super admin all users  options change password page</span>
      <div>Step skipped
      </div>
              </div>
              <div class="step skip-bg" title="stepDefinitions.super_admin.B0306_super_admin_options_change_password_page.verify_that_page_breadcrum_change_password_text_is_displayed_from_the_super_admin_dashboard_change_password_page()">
                <span>Then Verify that page breadcrum change password text is displayed from the super admin all users options change password page</span>
      <div>Step skipped
      </div>
              </div>
              <div class="step skip-bg" title="stepDefinitions.super_admin.B0306_super_admin_options_change_password_page.verify_that_page_current_password_title_text_above_userfield_should_be_displayed_from_the_super_admin_change_password_page()">
                <span>Then Verify that page current password title text above userfield should be displayed from the super admin all users options change password page</span>
      <div>Step skipped
      </div>
              </div>
              <div class="step skip-bg" title="stepDefinitions.super_admin.B0306_super_admin_options_change_password_page.verify_that_page_current_password_user_field_should_be_clickable_from_the_super_admin_change_password_page()">
                <span>Then Verify that page current password user field should be clickable from the super admin all users options change password page</span>
      <div>Step skipped
      </div>
              </div>
              <div class="step skip-bg" title="stepDefinitions.super_admin.B0306_super_admin_options_change_password_page.verify_that_page_current_password_user_field_placeholder_value_should_be_from_the_super_admin_change_password_page(java.lang.String)">
                <span>Then Verify that page current password user field placeholder value should be "Enter your current password" from the super admin all users options change password page</span>
      <div>Step skipped
      </div>
              </div>
              <div class="step skip-bg" title="stepDefinitions.super_admin.B0306_super_admin_options_change_password_page.verify_that_page_submit_button_should_be_displayed_from_the_super_admin_change_password_page()">
                <span>Then Verify that page submit button should be displayed from the super admin all users options change password page</span>
      <div>Step skipped
      </div>
              </div>
              <div class="step skip-bg" title="stepDefinitions.super_admin.B0306_super_admin_options_change_password_page.verify_that_page_submit_button_should_be_clickable_from_the_super_admin_change_password_page()">
                <span>Then Verify that page submit button should be clickable from the super admin all users options change password page</span>
      <div>Step skipped
      </div>
              </div>
              <div class="step skip-bg" title="stepDefinitions.super_admin.B0306_super_admin_options_change_password_page.verify_that_page_cancel_button_should_be_displayed_from_the_super_admin_change_password_page()">
                <span>Then Verify that page cancel button should be displayed from the super admin all users options change password page</span>
      <div>Step skipped
      </div>
              </div>
              <div class="step skip-bg" title="stepDefinitions.super_admin.B0306_super_admin_options_change_password_page.verify_that_page_cancel_button_should_be_clickable_from_the_super_admin_change_password_page()">
                <span>Then Verify that page cancel button should be clickable from the super admin all users options change password page</span>
      <div>Step skipped
      </div>
              </div>
              <div class="step skip-bg" title="stepDefinitions.super_admin.B0306_super_admin_options_change_password_page.verify_that_page_submit_button_should_be_able_to_mouse_hover_from_super_admin_change_password_page()">
                <span>Then Verify that page submit button should be able to mouse hover from super admin all users options change password page</span>
      <div>Step skipped
      </div>
              </div>
              <div class="step skip-bg" title="stepDefinitions.super_admin.B0306_super_admin_options_change_password_page.verify_that_page_cancel_button_should_be_able_to_mouse_hover_from_super_admin_change_password_page()">
                <span>Then Verify that page cancel button should be able to mouse hover from super admin all users options change password page</span>
      <div>Step skipped
      </div>
              </div>
              <div class="step fail-bg" title="AFTER">
                <span>com.applicationHooks.AppHooks.takeScreenshot(io.cucumber.java.Scenario)</span>
      <div>
        <textarea disabled class="code-block">org.openqa.selenium.NoSuchWindowException: no such window: target window already closed
from unknown error: web view not found
  (Session info: chrome=116.0.5845.190)
Build info: version: '4.11.0', revision: '040bc5406b'
System info: os.name: 'Windows 10', os.arch: 'amd64', os.version: '10.0', java.version: '11.0.18'
Driver info: org.openqa.selenium.chrome.ChromeDriver
Command: [a26251a03022737a28c3326014b307e2, screenshot {}]
Capabilities {acceptInsecureCerts: false, browserName: chrome, browserVersion: 116.0.5845.190, chrome: {chromedriverVersion: 116.0.5845.96 (1a3918166880..., userDataDir: C:\Users\Kishor\AppData\Loc...}, fedcm:accounts: true, goog:chromeOptions: {debuggerAddress: localhost:63342}, networkConnectionEnabled: false, pageLoadStrategy: normal, platformName: windows, proxy: Proxy(), se:cdp: ws://localhost:63342/devtoo..., se:cdpVersion: 116.0.5845.190, setWindowRect: true, strictFileInteractability: false, timeouts: {implicit: 0, pageLoad: 300000, script: 30000}, unhandledPromptBehavior: dismiss and notify, webauthn:extension:credBlob: true, webauthn:extension:largeBlob: true, webauthn:extension:minPinLength: true, webauthn:extension:prf: true, webauthn:virtualAuthenticators: true}
Session ID: a26251a03022737a28c3326014b307e2
	at java.base/jdk.internal.reflect.NativeConstructorAccessorImpl.newInstance0(Native Method)
	at java.base/jdk.internal.reflect.NativeConstructorAccessorImpl.newInstance(NativeConstructorAccessorImpl.java:62)
	at java.base/jdk.internal.reflect.DelegatingConstructorAccessorImpl.newInstance(DelegatingConstructorAccessorImpl.java:45)
	at java.base/java.lang.reflect.Constructor.newInstance(Constructor.java:490)
	at org.openqa.selenium.remote.codec.w3c.W3CHttpResponseCodec.createException(W3CHttpResponseCodec.java:200)
	at org.openqa.selenium.remote.codec.w3c.W3CHttpResponseCodec.decode(W3CHttpResponseCodec.java:133)
	at org.openqa.selenium.remote.codec.w3c.W3CHttpResponseCodec.decode(W3CHttpResponseCodec.java:52)
	at org.openqa.selenium.remote.HttpCommandExecutor.execute(HttpCommandExecutor.java:191)
	at org.openqa.selenium.remote.service.DriverCommandExecutor.invokeExecute(DriverCommandExecutor.java:196)
	at org.openqa.selenium.remote.service.DriverCommandExecutor.execute(DriverCommandExecutor.java:171)
	at org.openqa.selenium.remote.RemoteWebDriver.execute(RemoteWebDriver.java:518)
	at org.openqa.selenium.remote.RemoteWebDriver.execute(RemoteWebDriver.java:591)
	at org.openqa.selenium.remote.RemoteWebDriver.execute(RemoteWebDriver.java:595)
	at org.openqa.selenium.remote.RemoteWebDriver.getScreenshotAs(RemoteWebDriver.java:321)
	at com.applicationHooks.AppHooks.takeScreenshot(AppHooks.java:52)
</textarea>
      
      </div>
              </div>
          </div>
        </div>
  </div>
  <div class="card">
    <div class="card-header" role="tab">
      <div class="card-title">
        <div class="node" id="35"><span class="badge log pass-bg mr-2">Pass</span>Validate that elements are presents in Super admin all users action options change password page</div>
      </div>
    </div>
        <div class="collapse">
          <div class="card-body">
              <div class="step pass-bg" title="stepDefinitions.super_admin.B0306_super_admin_options_change_password_page.verify_that_super_admin_user_is_on_the_users_all_users_actions_options_change_password_page_as_expected_page_title(java.lang.String)">
                <span>Given Verify that super admin user is on the users all users actions options change password page as expected page title "Shield - Change - Password"</span>
      <div>verify_that_super_admin_user_is_on_the_users_all_users_actions_options_change_password_page_as_expected_page_title
      </div>
      <div>
      </div>
              </div>
              <div class="step pass-bg" title="stepDefinitions.super_admin.B0306_super_admin_options_change_password_page.verify_that_page_new_password_title_text_is_displayed_in_the_change_password_second_page_from_super_admin_change_password_page()">
                <span>Then Verify that page new password title text is displayed in the change password second page from super admin all users options change password page</span>
      <div>verify_that_page_new_password_title_text_is_displayed_in_the_change_password_second_page_from_super_admin_change_password_page
      </div>
      <div>
      </div>
              </div>
              <div class="step pass-bg" title="stepDefinitions.super_admin.B0306_super_admin_options_change_password_page.verify_that_page_new_password_userfield_should_be_clickable_in_the_change_password_second_page_from_super_admin_change_password_page()">
                <span>Then Verify that page new password userfield should be clickable in the change password second page from super admin all users options change password page</span>
      <div>verify_that_page_new_password_userfield_should_be_clickable_in_the_change_password_second_page_from_super_admin_change_password_page
      </div>
      <div>
      </div>
              </div>
              <div class="step pass-bg" title="stepDefinitions.super_admin.B0306_super_admin_options_change_password_page.verify_that_page_new_password_userfield_placeholder_value_should_be_in_the_change_password_second_page_from_super_admin_change_password_page(java.lang.String)">
                <span>Then Verify that page new password userfield placeholder value should be "Enter your new password" in the change password second page from super admin all users options change password page</span>
      <div>verify_that_page_new_password_userfield_placeholder_value_should_be_in_the_change_password_second_page_from_super_admin_change_password_page
      </div>
      <div>
      </div>
              </div>
              <div class="step pass-bg" title="stepDefinitions.super_admin.B0306_super_admin_options_change_password_page.verify_that_page_comfirm_password_title_text_is_displayed_in_the_change_password_second_page_from_super_admin_change_password_page()">
                <span>Then Verify that page comfirm password title text is displayed in the change password second page from super admin all users options change password page</span>
      <div>verify_that_page_comfirm_password_title_text_is_displayed_in_the_change_password_second_page_from_super_admin_change_password_page
      </div>
      <div>
      </div>
              </div>
              <div class="step pass-bg" title="stepDefinitions.super_admin.B0306_super_admin_options_change_password_page.verify_that_page_comfirm_password_userfield_should_be_clickable_in_the_change_password_second_page_from_super_admin_change_password_page()">
                <span>Then Verify that page comfirm password userfield should be clickable in the change password second page from super admin all users options change password page</span>
      <div>verify_that_page_comfirm_password_userfield_should_be_clickable_in_the_change_password_second_page_from_super_admin_change_password_page
      </div>
      <div>
      </div>
              </div>
              <div class="step pass-bg" title="stepDefinitions.super_admin.B0306_super_admin_options_change_password_page.verify_that_page_comfirm_password_userfield_placeholder_value_should_be_in_the_change_password_second_page_from_super_admin_change_password_page(java.lang.String)">
                <span>Then Verify that page comfirm password userfield placeholder value should be "Confirm your password" in the change password second page from super admin all users options change password page</span>
      <div>verify_that_page_comfirm_password_userfield_placeholder_value_should_be_in_the_change_password_second_page_from_super_admin_change_password_page
      </div>
      <div>
      </div>
              </div>
              <div class="step pass-bg" title="stepDefinitions.super_admin.B0306_super_admin_options_change_password_page.verify_that_page_submit_button_should_be_displayed_from_the_super_admin_change_password_second_page()">
                <span>Then Verify that page submit button should be displayed from the super admin all users options change password second page</span>
      <div>verify_that_page_submit_button_should_be_displayed_from_the_super_admin_change_password_second_page
      </div>
      <div>
      </div>
              </div>
              <div class="step pass-bg" title="stepDefinitions.super_admin.B0306_super_admin_options_change_password_page.verify_that_page_submit_button_should_be_clickable_from_the_super_admin_change_password_second_page()">
                <span>Then Verify that page submit button should be clickable from the super admin all users options change password second page</span>
      <div>verify_that_page_submit_button_should_be_clickable_from_the_super_admin_change_password_second_page
      </div>
      <div>
      </div>
              </div>
              <div class="step pass-bg" title="stepDefinitions.super_admin.B0306_super_admin_options_change_password_page.verify_that_page_cancel_button_should_be_displayed_from_the_super_admin_change_password_second_page()">
                <span>Then Verify that page cancel button should be displayed from the super admin all users options change password second page</span>
      <div>verify_that_page_cancel_button_should_be_displayed_from_the_super_admin_change_password_second_page
      </div>
      <div>
      </div>
              </div>
              <div class="step pass-bg" title="stepDefinitions.super_admin.B0306_super_admin_options_change_password_page.verify_that_page_cancel_button_should_be_clickable_from_the_super_admin_change_password_second_page()">
                <span>Then Verify that page cancel button should be clickable from the super admin all users options change password second page</span>
      <div>verify_that_page_cancel_button_should_be_clickable_from_the_super_admin_change_password_second_page
      </div>
      <div>
      </div>
              </div>
              <div class="step pass-bg" title="stepDefinitions.super_admin.B0306_super_admin_options_change_password_page.verify_that_page_submit_button_should_be_able_to_mouse_hover_from_super_admin_change_password_secon_page()">
                <span>Then Verify that page submit button should be able to mouse hover from super admin all users options change password secon page</span>
      <div>verify_that_page_submit_button_should_be_able_to_mouse_hover_from_super_admin_change_password_secon_page
      </div>
      <div>
      </div>
              </div>
              <div class="step pass-bg" title="stepDefinitions.super_admin.B0306_super_admin_options_change_password_page.verify_that_page_cancel_button_should_be_able_to_mouse_hover_from_super_admin_change_password_second_page()">
                <span>Then Verify that page cancel button should be able to mouse hover from super admin all users options change password second page</span>
      <div>verify_that_page_cancel_button_should_be_able_to_mouse_hover_from_super_admin_change_password_second_page
      </div>
      <div>
      </div>
              </div>
          </div>
        </div>
  </div>
</div>
          </div>
        </li>
      </ul>
    </div>
  </div>
<div class="test-content scrollable">
<div class="test-content-tools">
<ul><li><a class="back-to-test" href="#"><i class="fa fa-arrow-left"></i></a></li></ul>
</div>
<div class="test-content-detail"><div class="detail-body"></div></div>
</div></div>
<div class="test-wrapper row view category-view attributes-view">
<div class="test-list">
<div class="test-list-tools">
<ul class="tools pull-left"><li><a href=""><span class="font-size-14">Category</span></a></li></ul>
<ul class="tools text-right"><li><a href="#"><span class="badge badge-primary">2</span></a></li></ul>
</div>
<div class="test-list-wrapper scrollable">
<ul class="test-list-item">
<li class="test-item">
<div class="test-detail">
<span class="meta">
<span class='badge log pass-bg'>1</span>
<span class='badge log badge-danger'>1</span>
</span>
<p class="name">@Smoke</p>
<p class="duration text-sm">2 tests</p>
</div>
<div class="test-contents d-none">
<div class="info">
<h4>@Smoke</h4>
<span status="pass" class='badge log pass-bg'>1 passed</span>
<span status="fail" class='badge log badge-danger'>1 failed</span>
</div>
<table class='table table-sm mt-4'>
<thead>
<tr>
<th class="status-col">Status</th>
<th class="timestamp-col">Timestamp</th>
<th>TestName</th>
</tr>
</thead>
<tbody>
<tr class="tag-test-status" status="fail">
<td><span class="badge log fail-bg">Fail</span></td>
<td>19:13:31 PM</td>
<td>
<a href="#" class="linked" test-id='1' id='2'>Validate that elements are presents with Super admin all users action options change password page</a>
<div class="">
<span class="badge badge-default">Validate super admin all user action options change password functionality.Validate that elements are presents with Super admin all users action options change password page</span>
</div>
</td>
</tr>
<tr class="tag-test-status" status="pass">
<td><span class="badge log pass-bg">Pass</span></td>
<td>19:14:22 PM</td>
<td>
<a href="#" class="linked" test-id='1' id='35'>Validate that elements are presents in Super admin all users action options change password page</a>
<div class="">
<span class="badge badge-default">Validate super admin all user action options change password functionality.Validate that elements are presents in Super admin all users action options change password page</span>
</div>
</td>
</tr>
</tbody>
</table>
</div>
</li>
<li class="test-item">
<div class="test-detail">
<span class="meta">
<span class='badge log pass-bg'>1</span>
<span class='badge log badge-danger'>1</span>
</span>
<p class="name">@Super_admin_all_users_option_change_password_page</p>
<p class="duration text-sm">2 tests</p>
</div>
<div class="test-contents d-none">
<div class="info">
<h4>@Super_admin_all_users_option_change_password_page</h4>
<span status="pass" class='badge log pass-bg'>1 passed</span>
<span status="fail" class='badge log badge-danger'>1 failed</span>
</div>
<table class='table table-sm mt-4'>
<thead>
<tr>
<th class="status-col">Status</th>
<th class="timestamp-col">Timestamp</th>
<th>TestName</th>
</tr>
</thead>
<tbody>
<tr class="tag-test-status" status="fail">
<td><span class="badge log fail-bg">Fail</span></td>
<td>19:13:31 PM</td>
<td>
<a href="#" class="linked" test-id='1' id='2'>Validate that elements are presents with Super admin all users action options change password page</a>
<div class="">
<span class="badge badge-default">Validate super admin all user action options change password functionality.Validate that elements are presents with Super admin all users action options change password page</span>
</div>
</td>
</tr>
<tr class="tag-test-status" status="pass">
<td><span class="badge log pass-bg">Pass</span></td>
<td>19:14:22 PM</td>
<td>
<a href="#" class="linked" test-id='1' id='35'>Validate that elements are presents in Super admin all users action options change password page</a>
<div class="">
<span class="badge badge-default">Validate super admin all user action options change password functionality.Validate that elements are presents in Super admin all users action options change password page</span>
</div>
</td>
</tr>
</tbody>
</table>
</div>
</li>
</ul>
</div>
</div>
<div class="test-content scrollable">
<div class="test-content-detail">
<div class="detail-body"></div>
</div>
</div>
</div><div class="test-wrapper row view exception-view attributes-view">
<div class="test-list">
<div class="test-list-tools">
<ul class="tools pull-left"><li><a href=""><span class="font-size-14">Exception</span></a></li></ul>
<ul class="tools text-right"><li><a href="#"><span class="badge badge-primary">2</span></a></li></ul>
</div>
<div class="test-list-wrapper scrollable">
<ul class="test-list-item">
<li class="test-item">
<div class="test-detail">
<span class="meta">
<span class='badge log badge-danger'>1</span>
</span>
<p class="name">org.openqa.selenium.TimeoutException</p>
<p class="duration text-sm">1 tests</p>
</div>
<div class="test-contents d-none">
<div class="info">
<h4>org.openqa.selenium.TimeoutException</h4>
<span status="fail" class='badge log badge-danger'>1 failed</span>
</div>
<table class='table table-sm mt-4'>
<thead>
<tr>
<th class="status-col">Status</th>
<th class="timestamp-col">Timestamp</th>
<th>TestName</th>
</tr>
</thead>
<tbody>
<tr class="tag-test-status" status="fail">
<td><span class="badge log fail-bg">Fail</span></td>
<td>19:13:36 PM</td>
<td>
<a href="#" class="linked" test-id='1' id='6'>Given Verify that super admin user is on the users all users actions options change password page as expected page title "Shield - Change - Password"</a>
<div class="">
<span class="badge badge-default">Validate super admin all user action options change password functionality.Validate that elements are presents with Super admin all users action options change password page.Given Verify that super admin user is on the users all users actions options change password page as expected page title "Shield - Change - Password"</span>
</div>
</td>
</tr>
</tbody>
</table>
</div>
</li>
<li class="test-item">
<div class="test-detail">
<span class="meta">
<span class='badge log badge-danger'>1</span>
</span>
<p class="name">org.openqa.selenium.NoSuchWindowException</p>
<p class="duration text-sm">1 tests</p>
</div>
<div class="test-contents d-none">
<div class="info">
<h4>org.openqa.selenium.NoSuchWindowException</h4>
<span status="fail" class='badge log badge-danger'>1 failed</span>
</div>
<table class='table table-sm mt-4'>
<thead>
<tr>
<th class="status-col">Status</th>
<th class="timestamp-col">Timestamp</th>
<th>TestName</th>
</tr>
</thead>
<tbody>
<tr class="tag-test-status" status="fail">
<td><span class="badge log fail-bg">Fail</span></td>
<td>19:14:21 PM</td>
<td>
<a href="#" class="linked" test-id='1' id='33'>com.applicationHooks.AppHooks.takeScreenshot(io.cucumber.java.Scenario)</a>
<div class="">
<span class="badge badge-default">Validate super admin all user action options change password functionality.Validate that elements are presents with Super admin all users action options change password page.com.applicationHooks.AppHooks.takeScreenshot(io.cucumber.java.Scenario)</span>
</div>
</td>
</tr>
</tbody>
</table>
</div>
</li>
</ul>
</div>
</div>
<div class="test-content scrollable">
<div class="test-content-detail">
<div class="detail-body"></div>
</div>
</div>
</div>        </div>
      </div>
    </div>
  </div>
<script src="https://cdn.jsdelivr.net/gh/extent-framework/extent-github-cdn@d6562a79075e061305ccfdb82f01e5e195e2d307/spark/js/spark-script.js"></script>
<script type="text/javascript"></script></body>
</html>